
2024-12-01 19:24:41 - Nueva solicitud
Tipo: seccion, ID: 1
Query: SELECT ID_SECCION as value, DESCRIPCION_SECCION as text 
                     FROM SECCION 
                     WHERE ID_AREA = :id 
                     ORDER BY ID_SECCION
Resultados encontrados: 2

2024-12-01 19:24:42 - Nueva solicitud
Tipo: linea, ID: 1
Query: SELECT ID_LINEA as value, DESCRIPCION_LINEA as text 
                     FROM LINEA 
                     WHERE ID_SECCION = :id 
                     ORDER BY ID_LINEA
Resultados encontrados: 5

2024-12-01 19:24:44 - Nueva solicitud
Tipo: familia, ID: 1
Query: SELECT ID_FAMILIA as value, DESCRIPCION_FAMILIA as text 
                     FROM FAMILIA 
                     WHERE ID_LINEA = :id 
                     ORDER BY ID_FAMILIA
Resultados encontrados: 2

2024-12-01 19:24:46 - Nueva solicitud
Tipo: subfamilia, ID: 1
Query: SELECT ID_SUBFAMILIA as value, DESCRIPCION_SUBFAMILIA as text 
                     FROM SUBFAMILIA 
                     WHERE ID_FAMILIA = :id 
                     ORDER BY ID_SUBFAMILIA
Resultados encontrados: 3
